<?xml version="1.0" encoding="UTF-8"?>
<TestRun id="8a157173-83e6-459f-90d4-b09a01867f8a" name="Junior@DESKTOP-EI0OP3O 2020-12-08 12:17:49" runUser="DESKTOP-EI0OP3O\Junior" xmlns="http://microsoft.com/schemas/VisualStudio/TeamTest/2010">
  <TestSettings name="Local" id="9129a168-b39a-40fb-acff-3718f31d7bae">
    <Description>These are default test settings for a local test run.</Description>
    <Deployment enabled="false" runDeploymentRoot="Junior_DESKTOP-EI0OP3O 2020-12-08 12_17_49">
      <DeploymentItem filename="C:\Users\Junior\Documents\00-Workspace\[temp]Cars charts\Repo\Art-Factory.cs\2-Cars Performance Charts\_Dependencies\System.Data.SQLite.dll" />
      <DeploymentItem filename="C:\Users\Junior\Documents\00-Workspace\[temp]Cars charts\Repo\Art-Factory.cs\2-Cars Performance Charts\Cars Performance Charts\System.CPC.Controller\bin\Debug\System.CPC.Controller.dll" />
      <DeploymentItem filename="C:\Users\Junior\Documents\00-Workspace\[temp]Cars charts\Repo\Art-Factory.cs\2-Cars Performance Charts\Cars Performance Charts\System.CPC.Connection\bin\Debug\System.CPC.Connection.dll" />
      <DeploymentItem filename="C:\Users\Junior\Documents\00-Workspace\[temp]Cars charts\Repo\Art-Factory.cs\2-Cars Performance Charts\Cars Performance Charts\System.CPC.Model\bin\Debug\System.CPC.Model.dll" />
    </Deployment>
    <Execution>
      <TestTypeSpecific />
      <AgentRule name="Execution Agents">
      </AgentRule>
    </Execution>
  </TestSettings>
  <Times creation="2020-12-08T12:17:49.5147697-03:00" queuing="2020-12-08T12:17:51.0152251-03:00" start="2020-12-08T12:17:51.0252375-03:00" finish="2020-12-08T12:17:51.5272752-03:00" />
  <ResultSummary outcome="Completed">
    <Counters total="1" executed="1" passed="1" error="0" failed="0" timeout="0" aborted="0" inconclusive="0" passedButRunAborted="0" notRunnable="0" notExecuted="0" disconnected="0" warning="0" completed="0" inProgress="0" pending="0" />
  </ResultSummary>
  <TestDefinitions>
    <UnitTest name="AvgValueCarsTest" storage="c:\users\junior\documents\00-workspace\[temp]cars charts\repo\art-factory.cs\2-cars performance charts\cars performance charts\system.cpc.nunit\bin\debug\system.cpc.nunit.dll" id="7286923f-9611-9986-b546-870340f6e1cc">
      <Execution id="74be984b-5a63-4699-992d-9f9f62b86ff6" />
      <TestMethod codeBase="C:/Users/Junior/Documents/00-Workspace/[temp]Cars charts/Repo/Art-Factory.cs/2-Cars Performance Charts/Cars Performance Charts/System.CPC.Nunit/bin/Debug/System.CPC.Nunit.DLL" adapterTypeName="Microsoft.VisualStudio.TestTools.TestTypes.Unit.UnitTestAdapter, Microsoft.VisualStudio.QualityTools.Tips.UnitTest.Adapter, Version=10.0.0.0, Culture=neutral, PublicKeyToken=b03f5f7f11d50a3a" className="System.CPC.Nunit.CarDAOTest, System.CPC.Nunit, Version=1.0.0.0, Culture=neutral, PublicKeyToken=null" name="AvgValueCarsTest" />
    </UnitTest>
  </TestDefinitions>
  <TestLists>
    <TestList name="Results Not in a List" id="8c84fa94-04c1-424b-9868-57a2d4851a1d" />
    <TestList name="All Loaded Results" id="19431567-8539-422a-85d7-44ee4e166bda" />
  </TestLists>
  <TestEntries>
    <TestEntry testId="7286923f-9611-9986-b546-870340f6e1cc" executionId="74be984b-5a63-4699-992d-9f9f62b86ff6" testListId="8c84fa94-04c1-424b-9868-57a2d4851a1d" />
  </TestEntries>
  <Results>
    <UnitTestResult executionId="74be984b-5a63-4699-992d-9f9f62b86ff6" testId="7286923f-9611-9986-b546-870340f6e1cc" testName="AvgValueCarsTest" computerName="DESKTOP-EI0OP3O" duration="00:00:00.0881882" startTime="2020-12-08T12:17:51.0392544-03:00" endTime="2020-12-08T12:17:51.5092570-03:00" testType="13cdc9d9-ddb5-4fa4-a97d-d965ccfc6d4b" outcome="Passed" testListId="8c84fa94-04c1-424b-9868-57a2d4851a1d" relativeResultsDirectory="74be984b-5a63-4699-992d-9f9f62b86ff6">
    </UnitTestResult>
  </Results>
</TestRun>