<?xml version="1.0" encoding="UTF-8"?>
<TestRun id="d39705a6-729a-422e-9a86-0a75b63c77ff" name="Junior@DESKTOP-EI0OP3O 2020-12-08 12:09:48" runUser="DESKTOP-EI0OP3O\Junior" xmlns="http://microsoft.com/schemas/VisualStudio/TeamTest/2010">
  <TestSettings name="Local" id="9129a168-b39a-40fb-acff-3718f31d7bae">
    <Description>These are default test settings for a local test run.</Description>
    <Deployment enabled="false" runDeploymentRoot="Junior_DESKTOP-EI0OP3O 2020-12-08 12_09_48">
      <DeploymentItem filename="C:\Users\Junior\Documents\00-Workspace\[temp]Cars charts\Repo\Art-Factory.cs\2-Cars Performance Charts\_Dependencies\System.Data.SQLite.dll" />
      <DeploymentItem filename="C:\Users\Junior\Documents\00-Workspace\[temp]Cars charts\Repo\Art-Factory.cs\2-Cars Performance Charts\Cars Performance Charts\System.CPC.Controller\bin\Debug\System.CPC.Controller.dll" />
      <DeploymentItem filename="C:\Users\Junior\Documents\00-Workspace\[temp]Cars charts\Repo\Art-Factory.cs\2-Cars Performance Charts\Cars Performance Charts\System.CPC.Connection\bin\Debug\System.CPC.Connection.dll" />
      <DeploymentItem filename="C:\Users\Junior\Documents\00-Workspace\[temp]Cars charts\Repo\Art-Factory.cs\2-Cars Performance Charts\Cars Performance Charts\System.CPC.Model\bin\Debug\System.CPC.Model.dll" />
    </Deployment>
    <Execution>
      <TestTypeSpecific />
      <AgentRule name="Execution Agents">
      </AgentRule>
    </Execution>
  </TestSettings>
  <Times creation="2020-12-08T12:09:48.6662387-03:00" queuing="2020-12-08T12:09:49.7567312-03:00" start="2020-12-08T12:09:49.7637473-03:00" finish="2020-12-08T12:09:50.3442611-03:00" />
  <ResultSummary outcome="Failed">
    <Counters total="1" executed="1" error="0" failed="1" timeout="0" aborted="0" inconclusive="0" passedButRunAborted="0" notRunnable="0" notExecuted="0" disconnected="0" warning="0" passed="0" completed="0" inProgress="0" pending="0" />
  </ResultSummary>
  <TestDefinitions>
    <UnitTest name="SumValueTotalCarsTest" storage="c:\users\junior\documents\00-workspace\[temp]cars charts\repo\art-factory.cs\2-cars performance charts\cars performance charts\system.cpc.nunit\bin\debug\system.cpc.nunit.dll" id="6ddf78cf-8efd-ed91-6f43-10e324e9746f">
      <Execution id="df311dd6-e13f-4bda-9c3e-de9aaccc1609" />
      <TestMethod codeBase="C:/Users/Junior/Documents/00-Workspace/[temp]Cars charts/Repo/Art-Factory.cs/2-Cars Performance Charts/Cars Performance Charts/System.CPC.Nunit/bin/Debug/System.CPC.Nunit.DLL" adapterTypeName="Microsoft.VisualStudio.TestTools.TestTypes.Unit.UnitTestAdapter, Microsoft.VisualStudio.QualityTools.Tips.UnitTest.Adapter, Version=10.0.0.0, Culture=neutral, PublicKeyToken=b03f5f7f11d50a3a" className="System.CPC.Nunit.CarDAOTest, System.CPC.Nunit, Version=1.0.0.0, Culture=neutral, PublicKeyToken=null" name="SumValueTotalCarsTest" />
    </UnitTest>
  </TestDefinitions>
  <TestLists>
    <TestList name="Results Not in a List" id="8c84fa94-04c1-424b-9868-57a2d4851a1d" />
    <TestList name="All Loaded Results" id="19431567-8539-422a-85d7-44ee4e166bda" />
  </TestLists>
  <TestEntries>
    <TestEntry testId="6ddf78cf-8efd-ed91-6f43-10e324e9746f" executionId="df311dd6-e13f-4bda-9c3e-de9aaccc1609" testListId="8c84fa94-04c1-424b-9868-57a2d4851a1d" />
  </TestEntries>
  <Results>
    <UnitTestResult executionId="df311dd6-e13f-4bda-9c3e-de9aaccc1609" testId="6ddf78cf-8efd-ed91-6f43-10e324e9746f" testName="SumValueTotalCarsTest" computerName="DESKTOP-EI0OP3O" duration="00:00:00.1941621" startTime="2020-12-08T12:09:49.7672497-03:00" endTime="2020-12-08T12:09:50.3185620-03:00" testType="13cdc9d9-ddb5-4fa4-a97d-d965ccfc6d4b" outcome="Failed" testListId="8c84fa94-04c1-424b-9868-57a2d4851a1d" relativeResultsDirectory="df311dd6-e13f-4bda-9c3e-de9aaccc1609">
      <Output>
        <ErrorInfo>
          <Message>Assert.AreEqual failed. Expected:&lt;0&gt;. Actual:&lt;10435995&gt;. </Message>
          <StackTrace>   at System.CPC.Nunit.CarDAOTest.SumValueTotalCarsTest() in C:\Users\Junior\Documents\00-Workspace\[temp]Cars charts\Repo\Art-Factory.cs\2-Cars Performance Charts\Cars Performance Charts\System.CPC.Nunit\CarDAOTest.cs:line 258
</StackTrace>
        </ErrorInfo>
      </Output>
    </UnitTestResult>
  </Results>
</TestRun>