<?xml version="1.0" encoding="UTF-8"?>
<TestRun id="f7ea7529-489b-4253-aade-d5262b1cbcfd" name="Junior@DESKTOP-EI0OP3O 2020-12-08 12:17:00" runUser="DESKTOP-EI0OP3O\Junior" xmlns="http://microsoft.com/schemas/VisualStudio/TeamTest/2010">
  <TestSettings name="Local" id="9129a168-b39a-40fb-acff-3718f31d7bae">
    <Description>These are default test settings for a local test run.</Description>
    <Deployment enabled="false" runDeploymentRoot="Junior_DESKTOP-EI0OP3O 2020-12-08 12_17_00">
      <DeploymentItem filename="C:\Users\Junior\Documents\00-Workspace\[temp]Cars charts\Repo\Art-Factory.cs\2-Cars Performance Charts\_Dependencies\System.Data.SQLite.dll" />
      <DeploymentItem filename="C:\Users\Junior\Documents\00-Workspace\[temp]Cars charts\Repo\Art-Factory.cs\2-Cars Performance Charts\Cars Performance Charts\System.CPC.Controller\bin\Debug\System.CPC.Controller.dll" />
      <DeploymentItem filename="C:\Users\Junior\Documents\00-Workspace\[temp]Cars charts\Repo\Art-Factory.cs\2-Cars Performance Charts\Cars Performance Charts\System.CPC.Connection\bin\Debug\System.CPC.Connection.dll" />
      <DeploymentItem filename="C:\Users\Junior\Documents\00-Workspace\[temp]Cars charts\Repo\Art-Factory.cs\2-Cars Performance Charts\Cars Performance Charts\System.CPC.Model\bin\Debug\System.CPC.Model.dll" />
    </Deployment>
    <Execution>
      <TestTypeSpecific />
      <AgentRule name="Execution Agents">
      </AgentRule>
    </Execution>
  </TestSettings>
  <Times creation="2020-12-08T12:17:00.4207350-03:00" queuing="2020-12-08T12:17:01.9363286-03:00" start="2020-12-08T12:17:01.9503522-03:00" finish="2020-12-08T12:17:02.8338419-03:00" />
  <ResultSummary outcome="Failed">
    <Counters total="1" executed="1" error="0" failed="1" timeout="0" aborted="0" inconclusive="0" passedButRunAborted="0" notRunnable="0" notExecuted="0" disconnected="0" warning="0" passed="0" completed="0" inProgress="0" pending="0" />
  </ResultSummary>
  <TestDefinitions>
    <UnitTest name="AvgValueCarsTest" storage="c:\users\junior\documents\00-workspace\[temp]cars charts\repo\art-factory.cs\2-cars performance charts\cars performance charts\system.cpc.nunit\bin\debug\system.cpc.nunit.dll" id="7286923f-9611-9986-b546-870340f6e1cc">
      <Execution id="7cef3e95-8564-4b54-9eff-f0c3d7d58038" />
      <TestMethod codeBase="C:/Users/Junior/Documents/00-Workspace/[temp]Cars charts/Repo/Art-Factory.cs/2-Cars Performance Charts/Cars Performance Charts/System.CPC.Nunit/bin/Debug/System.CPC.Nunit.DLL" adapterTypeName="Microsoft.VisualStudio.TestTools.TestTypes.Unit.UnitTestAdapter, Microsoft.VisualStudio.QualityTools.Tips.UnitTest.Adapter, Version=10.0.0.0, Culture=neutral, PublicKeyToken=b03f5f7f11d50a3a" className="System.CPC.Nunit.CarDAOTest, System.CPC.Nunit, Version=1.0.0.0, Culture=neutral, PublicKeyToken=null" name="AvgValueCarsTest" />
    </UnitTest>
  </TestDefinitions>
  <TestLists>
    <TestList name="Results Not in a List" id="8c84fa94-04c1-424b-9868-57a2d4851a1d" />
    <TestList name="All Loaded Results" id="19431567-8539-422a-85d7-44ee4e166bda" />
  </TestLists>
  <TestEntries>
    <TestEntry testId="7286923f-9611-9986-b546-870340f6e1cc" executionId="7cef3e95-8564-4b54-9eff-f0c3d7d58038" testListId="8c84fa94-04c1-424b-9868-57a2d4851a1d" />
  </TestEntries>
  <Results>
    <UnitTestResult executionId="7cef3e95-8564-4b54-9eff-f0c3d7d58038" testId="7286923f-9611-9986-b546-870340f6e1cc" testName="AvgValueCarsTest" computerName="DESKTOP-EI0OP3O" duration="00:00:00.1714331" startTime="2020-12-08T12:17:01.9795898-03:00" endTime="2020-12-08T12:17:02.7156842-03:00" testType="13cdc9d9-ddb5-4fa4-a97d-d965ccfc6d4b" outcome="Failed" testListId="8c84fa94-04c1-424b-9868-57a2d4851a1d" relativeResultsDirectory="7cef3e95-8564-4b54-9eff-f0c3d7d58038">
      <Output>
        <ErrorInfo>
          <Message>Assert.AreEqual failed. Expected:&lt;0&gt;. Actual:&lt;1490856,42857143&gt;. </Message>
          <StackTrace>   at System.CPC.Nunit.CarDAOTest.AvgValueCarsTest() in C:\Users\Junior\Documents\00-Workspace\[temp]Cars charts\Repo\Art-Factory.cs\2-Cars Performance Charts\Cars Performance Charts\System.CPC.Nunit\CarDAOTest.cs:line 271
</StackTrace>
        </ErrorInfo>
      </Output>
    </UnitTestResult>
  </Results>
</TestRun>