<?xml version="1.0" encoding="UTF-8"?>
<TestRun id="20298dd2-eee0-4f02-8478-74c4595b9c8a" name="Junior@DESKTOP-EI0OP3O 2020-12-08 13:31:28" runUser="DESKTOP-EI0OP3O\Junior" xmlns="http://microsoft.com/schemas/VisualStudio/TeamTest/2010">
  <TestSettings name="Local" id="9129a168-b39a-40fb-acff-3718f31d7bae">
    <Description>These are default test settings for a local test run.</Description>
    <Deployment enabled="false" runDeploymentRoot="Junior_DESKTOP-EI0OP3O 2020-12-08 13_31_28">
      <DeploymentItem filename="C:\Users\Junior\Documents\00-Workspace\[temp]Cars charts\Repo\Art-Factory.cs\2-Cars Performance Charts\_Dependencies\System.Data.SQLite.dll" />
      <DeploymentItem filename="C:\Users\Junior\Documents\00-Workspace\[temp]Cars charts\Repo\Art-Factory.cs\2-Cars Performance Charts\Cars Performance Charts\System.CPC.Controller\bin\Debug\System.CPC.Controller.dll" />
      <DeploymentItem filename="C:\Users\Junior\Documents\00-Workspace\[temp]Cars charts\Repo\Art-Factory.cs\2-Cars Performance Charts\Cars Performance Charts\System.CPC.Connection\bin\Debug\System.CPC.Connection.dll" />
      <DeploymentItem filename="C:\Users\Junior\Documents\00-Workspace\[temp]Cars charts\Repo\Art-Factory.cs\2-Cars Performance Charts\Cars Performance Charts\System.CPC.Model\bin\Debug\System.CPC.Model.dll" />
    </Deployment>
    <Execution>
      <TestTypeSpecific />
      <AgentRule name="Execution Agents">
      </AgentRule>
    </Execution>
  </TestSettings>
  <Times creation="2020-12-08T13:31:28.9213885-03:00" queuing="2020-12-08T13:31:30.1512051-03:00" start="2020-12-08T13:31:30.1632126-03:00" finish="2020-12-08T13:31:30.6715506-03:00" />
  <ResultSummary outcome="Completed">
    <Counters total="1" executed="1" passed="1" error="0" failed="0" timeout="0" aborted="0" inconclusive="0" passedButRunAborted="0" notRunnable="0" notExecuted="0" disconnected="0" warning="0" completed="0" inProgress="0" pending="0" />
  </ResultSummary>
  <TestDefinitions>
    <UnitTest name="NewestCarTest" storage="c:\users\junior\documents\00-workspace\[temp]cars charts\repo\art-factory.cs\2-cars performance charts\cars performance charts\system.cpc.nunit\bin\debug\system.cpc.nunit.dll" id="ea6fde85-1098-c378-70e3-280c8f96970b">
      <Execution id="fb1ecafb-0597-45eb-8593-3ee4f9379652" />
      <TestMethod codeBase="C:/Users/Junior/Documents/00-Workspace/[temp]Cars charts/Repo/Art-Factory.cs/2-Cars Performance Charts/Cars Performance Charts/System.CPC.Nunit/bin/Debug/System.CPC.Nunit.DLL" adapterTypeName="Microsoft.VisualStudio.TestTools.TestTypes.Unit.UnitTestAdapter, Microsoft.VisualStudio.QualityTools.Tips.UnitTest.Adapter, Version=10.0.0.0, Culture=neutral, PublicKeyToken=b03f5f7f11d50a3a" className="System.CPC.Nunit.CarDAOTest, System.CPC.Nunit, Version=1.0.0.0, Culture=neutral, PublicKeyToken=null" name="NewestCarTest" />
    </UnitTest>
  </TestDefinitions>
  <TestLists>
    <TestList name="Results Not in a List" id="8c84fa94-04c1-424b-9868-57a2d4851a1d" />
    <TestList name="All Loaded Results" id="19431567-8539-422a-85d7-44ee4e166bda" />
  </TestLists>
  <TestEntries>
    <TestEntry testId="ea6fde85-1098-c378-70e3-280c8f96970b" executionId="fb1ecafb-0597-45eb-8593-3ee4f9379652" testListId="8c84fa94-04c1-424b-9868-57a2d4851a1d" />
  </TestEntries>
  <Results>
    <UnitTestResult executionId="fb1ecafb-0597-45eb-8593-3ee4f9379652" testId="ea6fde85-1098-c378-70e3-280c8f96970b" testName="NewestCarTest" computerName="DESKTOP-EI0OP3O" duration="00:00:00.0866889" startTime="2020-12-08T13:31:30.1692166-03:00" endTime="2020-12-08T13:31:30.6385298-03:00" testType="13cdc9d9-ddb5-4fa4-a97d-d965ccfc6d4b" outcome="Passed" testListId="8c84fa94-04c1-424b-9868-57a2d4851a1d" relativeResultsDirectory="fb1ecafb-0597-45eb-8593-3ee4f9379652">
    </UnitTestResult>
  </Results>
</TestRun>