<?xml version="1.0" encoding="UTF-8"?>
<TestRun id="c5670204-158e-4db9-945e-877236b68f30" name="Junior@DESKTOP-EI0OP3O 2020-12-09 21:21:52" runUser="DESKTOP-EI0OP3O\Junior" xmlns="http://microsoft.com/schemas/VisualStudio/TeamTest/2010">
  <TestSettings name="Local" id="9129a168-b39a-40fb-acff-3718f31d7bae">
    <Description>These are default test settings for a local test run.</Description>
    <Deployment enabled="false" runDeploymentRoot="Junior_DESKTOP-EI0OP3O 2020-12-09 21_21_52">
      <DeploymentItem filename="C:\Users\Junior\Documents\00-Workspace\[temp]Cars charts\Repo\Art-Factory.cs\2-Cars Performance Charts\_Dependencies\System.Data.SQLite.dll" />
      <DeploymentItem filename="C:\Users\Junior\Documents\00-Workspace\[temp]Cars charts\Repo\Art-Factory.cs\2-Cars Performance Charts\Cars Performance Charts\System.CPC.Controller\bin\Debug\System.CPC.Controller.dll" />
      <DeploymentItem filename="C:\Users\Junior\Documents\00-Workspace\[temp]Cars charts\Repo\Art-Factory.cs\2-Cars Performance Charts\Cars Performance Charts\System.CPC.Connection\bin\Debug\System.CPC.Connection.dll" />
      <DeploymentItem filename="C:\Users\Junior\Documents\00-Workspace\[temp]Cars charts\Repo\Art-Factory.cs\2-Cars Performance Charts\Cars Performance Charts\System.CPC.Model\bin\Debug\System.CPC.Model.dll" />
    </Deployment>
    <Execution>
      <TestTypeSpecific />
      <AgentRule name="Execution Agents">
      </AgentRule>
    </Execution>
  </TestSettings>
  <Times creation="2020-12-09T21:21:52.3263370-03:00" queuing="2020-12-09T21:21:54.5468540-03:00" start="2020-12-09T21:21:54.5778888-03:00" finish="2020-12-09T21:21:55.8502696-03:00" />
  <ResultSummary outcome="Completed">
    <Counters total="13" executed="13" passed="13" error="0" failed="0" timeout="0" aborted="0" inconclusive="0" passedButRunAborted="0" notRunnable="0" notExecuted="0" disconnected="0" warning="0" completed="0" inProgress="0" pending="0" />
  </ResultSummary>
  <TestDefinitions>
    <UnitTest name="ExpensivestCarTest" storage="c:\users\junior\documents\00-workspace\[temp]cars charts\repo\art-factory.cs\2-cars performance charts\cars performance charts\system.cpc.nunit\bin\debug\system.cpc.nunit.dll" id="dfb540d4-d50d-aad6-5ee6-643ca40a6ca7">
      <TestMethod codeBase="C:/Users/Junior/Documents/00-Workspace/[temp]Cars charts/Repo/Art-Factory.cs/2-Cars Performance Charts/Cars Performance Charts/System.CPC.Nunit/bin/Debug/System.CPC.Nunit.DLL" adapterTypeName="Microsoft.VisualStudio.TestTools.TestTypes.Unit.UnitTestAdapter, Microsoft.VisualStudio.QualityTools.Tips.UnitTest.Adapter, Version=10.0.0.0, Culture=neutral, PublicKeyToken=b03f5f7f11d50a3a" className="System.CPC.Nunit.CarDAOTest, System.CPC.Nunit, Version=1.0.0.0, Culture=neutral, PublicKeyToken=null" name="ExpensivestCarTest" />
    </UnitTest>
    <OrderedTest name="General Statistics" storage="c:\users\junior\documents\00-workspace\[temp]cars charts\repo\art-factory.cs\2-cars performance charts\cars performance charts\system.cpc.nunit\general statistics.orderedtest" id="0c21d12c-a28a-4702-92a5-c84b53709168">
      <Execution id="69465e02-257a-4570-b847-82f2832dfd33" />
      <TestLinks>
        <TestLink id="7286923f-9611-9986-b546-870340f6e1cc" name="AvgValueCarsTest" storage="bin\debug\system.cpc.nunit.dll" type="Microsoft.VisualStudio.TestTools.TestTypes.Unit.UnitTestElement, Microsoft.VisualStudio.QualityTools.Tips.UnitTest.ObjectModel, Version=10.0.0.0, Culture=neutral, PublicKeyToken=b03f5f7f11d50a3a" />
        <TestLink id="dfb540d4-d50d-aad6-5ee6-643ca40a6ca7" name="ExpensivestCarTest" storage="bin\debug\system.cpc.nunit.dll" type="Microsoft.VisualStudio.TestTools.TestTypes.Unit.UnitTestElement, Microsoft.VisualStudio.QualityTools.Tips.UnitTest.ObjectModel, Version=10.0.0.0, Culture=neutral, PublicKeyToken=b03f5f7f11d50a3a" />
        <TestLink id="6ddf78cf-8efd-ed91-6f43-10e324e9746f" name="SumValueTotalCarsTest" storage="bin\debug\system.cpc.nunit.dll" type="Microsoft.VisualStudio.TestTools.TestTypes.Unit.UnitTestElement, Microsoft.VisualStudio.QualityTools.Tips.UnitTest.ObjectModel, Version=10.0.0.0, Culture=neutral, PublicKeyToken=b03f5f7f11d50a3a" />
        <TestLink id="b596147e-e03c-3b7e-36ca-029cfb1232f3" name="TopFiveCarCountriesTest" storage="bin\debug\system.cpc.nunit.dll" type="Microsoft.VisualStudio.TestTools.TestTypes.Unit.UnitTestElement, Microsoft.VisualStudio.QualityTools.Tips.UnitTest.ObjectModel, Version=10.0.0.0, Culture=neutral, PublicKeyToken=b03f5f7f11d50a3a" />
        <TestLink id="04441a74-9303-0f8e-6704-3de6c6716408" name="TopFiveCarMakersTest" storage="bin\debug\system.cpc.nunit.dll" type="Microsoft.VisualStudio.TestTools.TestTypes.Unit.UnitTestElement, Microsoft.VisualStudio.QualityTools.Tips.UnitTest.ObjectModel, Version=10.0.0.0, Culture=neutral, PublicKeyToken=b03f5f7f11d50a3a" />
        <TestLink id="06925528-7fd1-85b0-fe19-d0965296673f" name="TotalCarsTest" storage="bin\debug\system.cpc.nunit.dll" type="Microsoft.VisualStudio.TestTools.TestTypes.Unit.UnitTestElement, Microsoft.VisualStudio.QualityTools.Tips.UnitTest.ObjectModel, Version=10.0.0.0, Culture=neutral, PublicKeyToken=b03f5f7f11d50a3a" />
        <TestLink id="ea6fde85-1098-c378-70e3-280c8f96970b" name="NewestCarTest" storage="bin\debug\system.cpc.nunit.dll" type="Microsoft.VisualStudio.TestTools.TestTypes.Unit.UnitTestElement, Microsoft.VisualStudio.QualityTools.Tips.UnitTest.ObjectModel, Version=10.0.0.0, Culture=neutral, PublicKeyToken=b03f5f7f11d50a3a" />
      </TestLinks>
    </OrderedTest>
    <UnitTest name="BiggestEngineTest" storage="c:\users\junior\documents\00-workspace\[temp]cars charts\repo\art-factory.cs\2-cars performance charts\cars performance charts\system.cpc.nunit\bin\debug\system.cpc.nunit.dll" id="9f2aa44a-a990-ad3e-3cdf-4dbacfd466e3">
      <TestMethod codeBase="C:/Users/Junior/Documents/00-Workspace/[temp]Cars charts/Repo/Art-Factory.cs/2-Cars Performance Charts/Cars Performance Charts/System.CPC.Nunit/bin/Debug/System.CPC.Nunit.DLL" adapterTypeName="Microsoft.VisualStudio.TestTools.TestTypes.Unit.UnitTestAdapter, Microsoft.VisualStudio.QualityTools.Tips.UnitTest.Adapter, Version=10.0.0.0, Culture=neutral, PublicKeyToken=b03f5f7f11d50a3a" className="System.CPC.Nunit.CarDAOTest, System.CPC.Nunit, Version=1.0.0.0, Culture=neutral, PublicKeyToken=null" name="BiggestEngineTest" />
    </UnitTest>
    <UnitTest name="AvgValueCarsTest" storage="c:\users\junior\documents\00-workspace\[temp]cars charts\repo\art-factory.cs\2-cars performance charts\cars performance charts\system.cpc.nunit\bin\debug\system.cpc.nunit.dll" id="7286923f-9611-9986-b546-870340f6e1cc">
      <TestMethod codeBase="C:/Users/Junior/Documents/00-Workspace/[temp]Cars charts/Repo/Art-Factory.cs/2-Cars Performance Charts/Cars Performance Charts/System.CPC.Nunit/bin/Debug/System.CPC.Nunit.DLL" adapterTypeName="Microsoft.VisualStudio.TestTools.TestTypes.Unit.UnitTestAdapter, Microsoft.VisualStudio.QualityTools.Tips.UnitTest.Adapter, Version=10.0.0.0, Culture=neutral, PublicKeyToken=b03f5f7f11d50a3a" className="System.CPC.Nunit.CarDAOTest, System.CPC.Nunit, Version=1.0.0.0, Culture=neutral, PublicKeyToken=null" name="AvgValueCarsTest" />
    </UnitTest>
    <UnitTest name="TopFiveCarCountriesTest" storage="c:\users\junior\documents\00-workspace\[temp]cars charts\repo\art-factory.cs\2-cars performance charts\cars performance charts\system.cpc.nunit\bin\debug\system.cpc.nunit.dll" id="b596147e-e03c-3b7e-36ca-029cfb1232f3">
      <TestMethod codeBase="C:/Users/Junior/Documents/00-Workspace/[temp]Cars charts/Repo/Art-Factory.cs/2-Cars Performance Charts/Cars Performance Charts/System.CPC.Nunit/bin/Debug/System.CPC.Nunit.DLL" adapterTypeName="Microsoft.VisualStudio.TestTools.TestTypes.Unit.UnitTestAdapter, Microsoft.VisualStudio.QualityTools.Tips.UnitTest.Adapter, Version=10.0.0.0, Culture=neutral, PublicKeyToken=b03f5f7f11d50a3a" className="System.CPC.Nunit.CarDAOTest, System.CPC.Nunit, Version=1.0.0.0, Culture=neutral, PublicKeyToken=null" name="TopFiveCarCountriesTest" />
    </UnitTest>
    <UnitTest name="SumValueTotalCarsTest" storage="c:\users\junior\documents\00-workspace\[temp]cars charts\repo\art-factory.cs\2-cars performance charts\cars performance charts\system.cpc.nunit\bin\debug\system.cpc.nunit.dll" id="6ddf78cf-8efd-ed91-6f43-10e324e9746f">
      <TestMethod codeBase="C:/Users/Junior/Documents/00-Workspace/[temp]Cars charts/Repo/Art-Factory.cs/2-Cars Performance Charts/Cars Performance Charts/System.CPC.Nunit/bin/Debug/System.CPC.Nunit.DLL" adapterTypeName="Microsoft.VisualStudio.TestTools.TestTypes.Unit.UnitTestAdapter, Microsoft.VisualStudio.QualityTools.Tips.UnitTest.Adapter, Version=10.0.0.0, Culture=neutral, PublicKeyToken=b03f5f7f11d50a3a" className="System.CPC.Nunit.CarDAOTest, System.CPC.Nunit, Version=1.0.0.0, Culture=neutral, PublicKeyToken=null" name="SumValueTotalCarsTest" />
    </UnitTest>
    <UnitTest name="NewestCarTest" storage="c:\users\junior\documents\00-workspace\[temp]cars charts\repo\art-factory.cs\2-cars performance charts\cars performance charts\system.cpc.nunit\bin\debug\system.cpc.nunit.dll" id="ea6fde85-1098-c378-70e3-280c8f96970b">
      <TestMethod codeBase="C:/Users/Junior/Documents/00-Workspace/[temp]Cars charts/Repo/Art-Factory.cs/2-Cars Performance Charts/Cars Performance Charts/System.CPC.Nunit/bin/Debug/System.CPC.Nunit.DLL" adapterTypeName="Microsoft.VisualStudio.TestTools.TestTypes.Unit.UnitTestAdapter, Microsoft.VisualStudio.QualityTools.Tips.UnitTest.Adapter, Version=10.0.0.0, Culture=neutral, PublicKeyToken=b03f5f7f11d50a3a" className="System.CPC.Nunit.CarDAOTest, System.CPC.Nunit, Version=1.0.0.0, Culture=neutral, PublicKeyToken=null" name="NewestCarTest" />
    </UnitTest>
    <UnitTest name="TopFiveEngineSizeTest" storage="c:\users\junior\documents\00-workspace\[temp]cars charts\repo\art-factory.cs\2-cars performance charts\cars performance charts\system.cpc.nunit\bin\debug\system.cpc.nunit.dll" id="f25044ce-e4d4-d663-6e36-1eddba6cb4ae">
      <TestMethod codeBase="C:/Users/Junior/Documents/00-Workspace/[temp]Cars charts/Repo/Art-Factory.cs/2-Cars Performance Charts/Cars Performance Charts/System.CPC.Nunit/bin/Debug/System.CPC.Nunit.DLL" adapterTypeName="Microsoft.VisualStudio.TestTools.TestTypes.Unit.UnitTestAdapter, Microsoft.VisualStudio.QualityTools.Tips.UnitTest.Adapter, Version=10.0.0.0, Culture=neutral, PublicKeyToken=b03f5f7f11d50a3a" className="System.CPC.Nunit.CarDAOTest, System.CPC.Nunit, Version=1.0.0.0, Culture=neutral, PublicKeyToken=null" name="TopFiveEngineSizeTest" />
    </UnitTest>
    <UnitTest name="TopFiveCarMakersTest" storage="c:\users\junior\documents\00-workspace\[temp]cars charts\repo\art-factory.cs\2-cars performance charts\cars performance charts\system.cpc.nunit\bin\debug\system.cpc.nunit.dll" id="04441a74-9303-0f8e-6704-3de6c6716408">
      <TestMethod codeBase="C:/Users/Junior/Documents/00-Workspace/[temp]Cars charts/Repo/Art-Factory.cs/2-Cars Performance Charts/Cars Performance Charts/System.CPC.Nunit/bin/Debug/System.CPC.Nunit.DLL" adapterTypeName="Microsoft.VisualStudio.TestTools.TestTypes.Unit.UnitTestAdapter, Microsoft.VisualStudio.QualityTools.Tips.UnitTest.Adapter, Version=10.0.0.0, Culture=neutral, PublicKeyToken=b03f5f7f11d50a3a" className="System.CPC.Nunit.CarDAOTest, System.CPC.Nunit, Version=1.0.0.0, Culture=neutral, PublicKeyToken=null" name="TopFiveCarMakersTest" />
    </UnitTest>
    <UnitTest name="AvgEngineSizeTest" storage="c:\users\junior\documents\00-workspace\[temp]cars charts\repo\art-factory.cs\2-cars performance charts\cars performance charts\system.cpc.nunit\bin\debug\system.cpc.nunit.dll" id="1a5f757d-f124-6b6a-4d54-f43c0e2b062d">
      <TestMethod codeBase="C:/Users/Junior/Documents/00-Workspace/[temp]Cars charts/Repo/Art-Factory.cs/2-Cars Performance Charts/Cars Performance Charts/System.CPC.Nunit/bin/Debug/System.CPC.Nunit.DLL" adapterTypeName="Microsoft.VisualStudio.TestTools.TestTypes.Unit.UnitTestAdapter, Microsoft.VisualStudio.QualityTools.Tips.UnitTest.Adapter, Version=10.0.0.0, Culture=neutral, PublicKeyToken=b03f5f7f11d50a3a" className="System.CPC.Nunit.CarDAOTest, System.CPC.Nunit, Version=1.0.0.0, Culture=neutral, PublicKeyToken=null" name="AvgEngineSizeTest" />
    </UnitTest>
    <UnitTest name="CustomEngineSizeComparisonTest" storage="c:\users\junior\documents\00-workspace\[temp]cars charts\repo\art-factory.cs\2-cars performance charts\cars performance charts\system.cpc.nunit\bin\debug\system.cpc.nunit.dll" id="056e569d-b883-70f6-ff8f-6eb1238c5ef7">
      <TestMethod codeBase="C:/Users/Junior/Documents/00-Workspace/[temp]Cars charts/Repo/Art-Factory.cs/2-Cars Performance Charts/Cars Performance Charts/System.CPC.Nunit/bin/Debug/System.CPC.Nunit.DLL" adapterTypeName="Microsoft.VisualStudio.TestTools.TestTypes.Unit.UnitTestAdapter, Microsoft.VisualStudio.QualityTools.Tips.UnitTest.Adapter, Version=10.0.0.0, Culture=neutral, PublicKeyToken=b03f5f7f11d50a3a" className="System.CPC.Nunit.CarDAOTest, System.CPC.Nunit, Version=1.0.0.0, Culture=neutral, PublicKeyToken=null" name="CustomEngineSizeComparisonTest" />
    </UnitTest>
    <OrderedTest name="Engine Statistics" storage="c:\users\junior\documents\00-workspace\[temp]cars charts\repo\art-factory.cs\2-cars performance charts\cars performance charts\system.cpc.nunit\engine statistics.orderedtest" id="10d6bc45-1243-48aa-868f-272fa89f3af8">
      <Execution id="e8c0ccf9-ad59-41af-b3dd-604b99bcb46a" />
      <TestLinks>
        <TestLink id="9f2aa44a-a990-ad3e-3cdf-4dbacfd466e3" name="BiggestEngineTest" storage="bin\debug\system.cpc.nunit.dll" type="Microsoft.VisualStudio.TestTools.TestTypes.Unit.UnitTestElement, Microsoft.VisualStudio.QualityTools.Tips.UnitTest.ObjectModel, Version=10.0.0.0, Culture=neutral, PublicKeyToken=b03f5f7f11d50a3a" />
        <TestLink id="056e569d-b883-70f6-ff8f-6eb1238c5ef7" name="CustomEngineSizeComparisonTest" storage="bin\debug\system.cpc.nunit.dll" type="Microsoft.VisualStudio.TestTools.TestTypes.Unit.UnitTestElement, Microsoft.VisualStudio.QualityTools.Tips.UnitTest.ObjectModel, Version=10.0.0.0, Culture=neutral, PublicKeyToken=b03f5f7f11d50a3a" />
        <TestLink id="f25044ce-e4d4-d663-6e36-1eddba6cb4ae" name="TopFiveEngineSizeTest" storage="bin\debug\system.cpc.nunit.dll" type="Microsoft.VisualStudio.TestTools.TestTypes.Unit.UnitTestElement, Microsoft.VisualStudio.QualityTools.Tips.UnitTest.ObjectModel, Version=10.0.0.0, Culture=neutral, PublicKeyToken=b03f5f7f11d50a3a" />
        <TestLink id="1a5f757d-f124-6b6a-4d54-f43c0e2b062d" name="AvgEngineSizeTest" storage="bin\debug\system.cpc.nunit.dll" type="Microsoft.VisualStudio.TestTools.TestTypes.Unit.UnitTestElement, Microsoft.VisualStudio.QualityTools.Tips.UnitTest.ObjectModel, Version=10.0.0.0, Culture=neutral, PublicKeyToken=b03f5f7f11d50a3a" />
      </TestLinks>
    </OrderedTest>
    <UnitTest name="TotalCarsTest" storage="c:\users\junior\documents\00-workspace\[temp]cars charts\repo\art-factory.cs\2-cars performance charts\cars performance charts\system.cpc.nunit\bin\debug\system.cpc.nunit.dll" id="06925528-7fd1-85b0-fe19-d0965296673f">
      <TestMethod codeBase="C:/Users/Junior/Documents/00-Workspace/[temp]Cars charts/Repo/Art-Factory.cs/2-Cars Performance Charts/Cars Performance Charts/System.CPC.Nunit/bin/Debug/System.CPC.Nunit.DLL" adapterTypeName="Microsoft.VisualStudio.TestTools.TestTypes.Unit.UnitTestAdapter, Microsoft.VisualStudio.QualityTools.Tips.UnitTest.Adapter, Version=10.0.0.0, Culture=neutral, PublicKeyToken=b03f5f7f11d50a3a" className="System.CPC.Nunit.CarDAOTest, System.CPC.Nunit, Version=1.0.0.0, Culture=neutral, PublicKeyToken=null" name="TotalCarsTest" />
    </UnitTest>
  </TestDefinitions>
  <TestLists>
    <TestList name="Results Not in a List" id="8c84fa94-04c1-424b-9868-57a2d4851a1d" />
    <TestList name="All Loaded Results" id="19431567-8539-422a-85d7-44ee4e166bda" />
  </TestLists>
  <TestEntries>
    <TestEntry testId="0c21d12c-a28a-4702-92a5-c84b53709168" executionId="69465e02-257a-4570-b847-82f2832dfd33" testListId="8c84fa94-04c1-424b-9868-57a2d4851a1d">
      <TestEntries>
        <TestEntry testId="7286923f-9611-9986-b546-870340f6e1cc" executionId="66fddb58-2502-40a8-898a-75c6201e2709" parentExecutionId="69465e02-257a-4570-b847-82f2832dfd33" testListId="8c84fa94-04c1-424b-9868-57a2d4851a1d" />
        <TestEntry testId="dfb540d4-d50d-aad6-5ee6-643ca40a6ca7" executionId="2c81cd9c-d488-4493-ba31-7d538262eb94" parentExecutionId="69465e02-257a-4570-b847-82f2832dfd33" testListId="8c84fa94-04c1-424b-9868-57a2d4851a1d" />
        <TestEntry testId="6ddf78cf-8efd-ed91-6f43-10e324e9746f" executionId="4f726173-49c1-4d81-bae6-bc3695183a59" parentExecutionId="69465e02-257a-4570-b847-82f2832dfd33" testListId="8c84fa94-04c1-424b-9868-57a2d4851a1d" />
        <TestEntry testId="b596147e-e03c-3b7e-36ca-029cfb1232f3" executionId="5cda10c0-ba7e-4327-85ec-c1348eff9ca9" parentExecutionId="69465e02-257a-4570-b847-82f2832dfd33" testListId="8c84fa94-04c1-424b-9868-57a2d4851a1d" />
        <TestEntry testId="04441a74-9303-0f8e-6704-3de6c6716408" executionId="6a41b71a-e584-493d-9fac-60fe2f14770f" parentExecutionId="69465e02-257a-4570-b847-82f2832dfd33" testListId="8c84fa94-04c1-424b-9868-57a2d4851a1d" />
        <TestEntry testId="06925528-7fd1-85b0-fe19-d0965296673f" executionId="081d8a1a-df61-47d5-9f3f-9c1d94eda35d" parentExecutionId="69465e02-257a-4570-b847-82f2832dfd33" testListId="8c84fa94-04c1-424b-9868-57a2d4851a1d" />
        <TestEntry testId="ea6fde85-1098-c378-70e3-280c8f96970b" executionId="53c7ccb9-caa8-44b9-aa38-4daf68883fa5" parentExecutionId="69465e02-257a-4570-b847-82f2832dfd33" testListId="8c84fa94-04c1-424b-9868-57a2d4851a1d" />
      </TestEntries>
    </TestEntry>
    <TestEntry testId="10d6bc45-1243-48aa-868f-272fa89f3af8" executionId="e8c0ccf9-ad59-41af-b3dd-604b99bcb46a" testListId="8c84fa94-04c1-424b-9868-57a2d4851a1d">
      <TestEntries>
        <TestEntry testId="9f2aa44a-a990-ad3e-3cdf-4dbacfd466e3" executionId="030b6530-da9f-47c4-859e-01acb16c6a58" parentExecutionId="e8c0ccf9-ad59-41af-b3dd-604b99bcb46a" testListId="8c84fa94-04c1-424b-9868-57a2d4851a1d" />
        <TestEntry testId="056e569d-b883-70f6-ff8f-6eb1238c5ef7" executionId="40a21fa7-98d3-4af8-8d68-d62beb454667" parentExecutionId="e8c0ccf9-ad59-41af-b3dd-604b99bcb46a" testListId="8c84fa94-04c1-424b-9868-57a2d4851a1d" />
        <TestEntry testId="f25044ce-e4d4-d663-6e36-1eddba6cb4ae" executionId="8018b8be-4216-430f-a351-4f308959220e" parentExecutionId="e8c0ccf9-ad59-41af-b3dd-604b99bcb46a" testListId="8c84fa94-04c1-424b-9868-57a2d4851a1d" />
        <TestEntry testId="1a5f757d-f124-6b6a-4d54-f43c0e2b062d" executionId="8a8a9860-2e67-4421-b35d-3565fb5d26aa" parentExecutionId="e8c0ccf9-ad59-41af-b3dd-604b99bcb46a" testListId="8c84fa94-04c1-424b-9868-57a2d4851a1d" />
      </TestEntries>
    </TestEntry>
  </TestEntries>
  <Results>
    <TestResultAggregation executionId="69465e02-257a-4570-b847-82f2832dfd33" testId="0c21d12c-a28a-4702-92a5-c84b53709168" testName="General Statistics" computerName="DESKTOP-EI0OP3O" duration="00:00:01.0065252" startTime="2020-12-09T21:21:54.5888959-03:00" endTime="2020-12-09T21:21:55.5984818-03:00" testType="ec4800e8-40e5-4ab3-8510-b8bf29b1904d" outcome="Passed" testListId="8c84fa94-04c1-424b-9868-57a2d4851a1d" relativeResultsDirectory="69465e02-257a-4570-b847-82f2832dfd33">
      <Counters error="0" failed="0" timeout="0" aborted="0" inconclusive="0" passedButRunAborted="0" notRunnable="0" notExecuted="0" disconnected="0" warning="0" passed="7" completed="0" inProgress="0" pending="0" />
      <InnerResults>
        <UnitTestResult executionId="66fddb58-2502-40a8-898a-75c6201e2709" parentExecutionId="69465e02-257a-4570-b847-82f2832dfd33" testId="7286923f-9611-9986-b546-870340f6e1cc" testName="AvgValueCarsTest" computerName="DESKTOP-EI0OP3O" duration="00:00:00.1460342" startTime="2020-12-09T21:21:54.5918982-03:00" endTime="2020-12-09T21:21:55.4602691-03:00" testType="13cdc9d9-ddb5-4fa4-a97d-d965ccfc6d4b" outcome="Passed" testListId="8c84fa94-04c1-424b-9868-57a2d4851a1d" relativeResultsDirectory="66fddb58-2502-40a8-898a-75c6201e2709">
          <Output>
          </Output>
        </UnitTestResult>
        <UnitTestResult executionId="2c81cd9c-d488-4493-ba31-7d538262eb94" parentExecutionId="69465e02-257a-4570-b847-82f2832dfd33" testId="dfb540d4-d50d-aad6-5ee6-643ca40a6ca7" testName="ExpensivestCarTest" computerName="DESKTOP-EI0OP3O" duration="00:00:00.0045292" startTime="2020-12-09T21:21:55.4602691-03:00" endTime="2020-12-09T21:21:55.4732860-03:00" testType="13cdc9d9-ddb5-4fa4-a97d-d965ccfc6d4b" outcome="Passed" testListId="8c84fa94-04c1-424b-9868-57a2d4851a1d" relativeResultsDirectory="2c81cd9c-d488-4493-ba31-7d538262eb94">
          <Output>
          </Output>
        </UnitTestResult>
        <UnitTestResult executionId="4f726173-49c1-4d81-bae6-bc3695183a59" parentExecutionId="69465e02-257a-4570-b847-82f2832dfd33" testId="6ddf78cf-8efd-ed91-6f43-10e324e9746f" testName="SumValueTotalCarsTest" computerName="DESKTOP-EI0OP3O" duration="00:00:00.0080057" startTime="2020-12-09T21:21:55.4732860-03:00" endTime="2020-12-09T21:21:55.4948349-03:00" testType="13cdc9d9-ddb5-4fa4-a97d-d965ccfc6d4b" outcome="Passed" testListId="8c84fa94-04c1-424b-9868-57a2d4851a1d" relativeResultsDirectory="4f726173-49c1-4d81-bae6-bc3695183a59">
          <Output>
          </Output>
        </UnitTestResult>
        <UnitTestResult executionId="5cda10c0-ba7e-4327-85ec-c1348eff9ca9" parentExecutionId="69465e02-257a-4570-b847-82f2832dfd33" testId="b596147e-e03c-3b7e-36ca-029cfb1232f3" testName="TopFiveCarCountriesTest" computerName="DESKTOP-EI0OP3O" duration="00:00:00.0182471" startTime="2020-12-09T21:21:55.4953297-03:00" endTime="2020-12-09T21:21:55.5283668-03:00" testType="13cdc9d9-ddb5-4fa4-a97d-d965ccfc6d4b" outcome="Passed" testListId="8c84fa94-04c1-424b-9868-57a2d4851a1d" relativeResultsDirectory="5cda10c0-ba7e-4327-85ec-c1348eff9ca9">
          <Output>
          </Output>
        </UnitTestResult>
        <UnitTestResult executionId="6a41b71a-e584-493d-9fac-60fe2f14770f" parentExecutionId="69465e02-257a-4570-b847-82f2832dfd33" testId="04441a74-9303-0f8e-6704-3de6c6716408" testName="TopFiveCarMakersTest" computerName="DESKTOP-EI0OP3O" duration="00:00:00.0100638" startTime="2020-12-09T21:21:55.5288670-03:00" endTime="2020-12-09T21:21:55.5619187-03:00" testType="13cdc9d9-ddb5-4fa4-a97d-d965ccfc6d4b" outcome="Passed" testListId="8c84fa94-04c1-424b-9868-57a2d4851a1d" relativeResultsDirectory="6a41b71a-e584-493d-9fac-60fe2f14770f">
          <Output>
          </Output>
        </UnitTestResult>
        <UnitTestResult executionId="081d8a1a-df61-47d5-9f3f-9c1d94eda35d" parentExecutionId="69465e02-257a-4570-b847-82f2832dfd33" testId="06925528-7fd1-85b0-fe19-d0965296673f" testName="TotalCarsTest" computerName="DESKTOP-EI0OP3O" duration="00:00:00.0052240" startTime="2020-12-09T21:21:55.5624163-03:00" endTime="2020-12-09T21:21:55.5799566-03:00" testType="13cdc9d9-ddb5-4fa4-a97d-d965ccfc6d4b" outcome="Passed" testListId="8c84fa94-04c1-424b-9868-57a2d4851a1d" relativeResultsDirectory="081d8a1a-df61-47d5-9f3f-9c1d94eda35d">
          <Output>
          </Output>
        </UnitTestResult>
        <UnitTestResult executionId="53c7ccb9-caa8-44b9-aa38-4daf68883fa5" parentExecutionId="69465e02-257a-4570-b847-82f2832dfd33" testId="ea6fde85-1098-c378-70e3-280c8f96970b" testName="NewestCarTest" computerName="DESKTOP-EI0OP3O" duration="00:00:00.0050749" startTime="2020-12-09T21:21:55.5804555-03:00" endTime="2020-12-09T21:21:55.5979816-03:00" testType="13cdc9d9-ddb5-4fa4-a97d-d965ccfc6d4b" outcome="Passed" testListId="8c84fa94-04c1-424b-9868-57a2d4851a1d" relativeResultsDirectory="53c7ccb9-caa8-44b9-aa38-4daf68883fa5">
          <Output>
          </Output>
        </UnitTestResult>
      </InnerResults>
    </TestResultAggregation>
    <TestResultAggregation executionId="e8c0ccf9-ad59-41af-b3dd-604b99bcb46a" testId="10d6bc45-1243-48aa-868f-272fa89f3af8" testName="Engine Statistics" computerName="DESKTOP-EI0OP3O" duration="00:00:00.1885205" startTime="2020-12-09T21:21:55.6014836-03:00" endTime="2020-12-09T21:21:55.7922175-03:00" testType="ec4800e8-40e5-4ab3-8510-b8bf29b1904d" outcome="Passed" testListId="8c84fa94-04c1-424b-9868-57a2d4851a1d" relativeResultsDirectory="e8c0ccf9-ad59-41af-b3dd-604b99bcb46a">
      <Counters error="0" failed="0" timeout="0" aborted="0" inconclusive="0" passedButRunAborted="0" notRunnable="0" notExecuted="0" disconnected="0" warning="0" passed="4" completed="0" inProgress="0" pending="0" />
      <InnerResults>
        <UnitTestResult executionId="030b6530-da9f-47c4-859e-01acb16c6a58" parentExecutionId="e8c0ccf9-ad59-41af-b3dd-604b99bcb46a" testId="9f2aa44a-a990-ad3e-3cdf-4dbacfd466e3" testName="BiggestEngineTest" computerName="DESKTOP-EI0OP3O" duration="00:00:00.0097617" startTime="2020-12-09T21:21:55.6034845-03:00" endTime="2020-12-09T21:21:55.6280146-03:00" testType="13cdc9d9-ddb5-4fa4-a97d-d965ccfc6d4b" outcome="Passed" testListId="8c84fa94-04c1-424b-9868-57a2d4851a1d" relativeResultsDirectory="030b6530-da9f-47c4-859e-01acb16c6a58">
          <Output>
          </Output>
        </UnitTestResult>
        <UnitTestResult executionId="40a21fa7-98d3-4af8-8d68-d62beb454667" parentExecutionId="e8c0ccf9-ad59-41af-b3dd-604b99bcb46a" testId="056e569d-b883-70f6-ff8f-6eb1238c5ef7" testName="CustomEngineSizeComparisonTest" computerName="DESKTOP-EI0OP3O" duration="00:00:00.0132730" startTime="2020-12-09T21:21:55.6285162-03:00" endTime="2020-12-09T21:21:55.6585518-03:00" testType="13cdc9d9-ddb5-4fa4-a97d-d965ccfc6d4b" outcome="Passed" testListId="8c84fa94-04c1-424b-9868-57a2d4851a1d" relativeResultsDirectory="40a21fa7-98d3-4af8-8d68-d62beb454667">
          <Output>
          </Output>
        </UnitTestResult>
        <UnitTestResult executionId="8018b8be-4216-430f-a351-4f308959220e" parentExecutionId="e8c0ccf9-ad59-41af-b3dd-604b99bcb46a" testId="f25044ce-e4d4-d663-6e36-1eddba6cb4ae" testName="TopFiveEngineSizeTest" computerName="DESKTOP-EI0OP3O" duration="00:00:00.0185019" startTime="2020-12-09T21:21:55.6590520-03:00" endTime="2020-12-09T21:21:55.7621524-03:00" testType="13cdc9d9-ddb5-4fa4-a97d-d965ccfc6d4b" outcome="Passed" testListId="8c84fa94-04c1-424b-9868-57a2d4851a1d" relativeResultsDirectory="8018b8be-4216-430f-a351-4f308959220e">
          <Output>
          </Output>
        </UnitTestResult>
        <UnitTestResult executionId="8a8a9860-2e67-4421-b35d-3565fb5d26aa" parentExecutionId="e8c0ccf9-ad59-41af-b3dd-604b99bcb46a" testId="1a5f757d-f124-6b6a-4d54-f43c0e2b062d" testName="AvgEngineSizeTest" computerName="DESKTOP-EI0OP3O" duration="00:00:00.0070209" startTime="2020-12-09T21:21:55.7626530-03:00" endTime="2020-12-09T21:21:55.7917110-03:00" testType="13cdc9d9-ddb5-4fa4-a97d-d965ccfc6d4b" outcome="Passed" testListId="8c84fa94-04c1-424b-9868-57a2d4851a1d" relativeResultsDirectory="8a8a9860-2e67-4421-b35d-3565fb5d26aa">
          <Output>
          </Output>
        </UnitTestResult>
      </InnerResults>
    </TestResultAggregation>
  </Results>
</TestRun>